2024-11-25 16:18:49,436 - DEBUG - Unit Unit1 selected at position (0, 0)
2024-11-25 16:18:49,999 - DEBUG - Attempting to move Unit1 to position (2, 1)
2024-11-25 16:18:49,999 - INFO - Unit1 moved to (2, 1)
2024-11-25 16:18:49,999 - DEBUG - Unit2's turn
2024-11-25 16:18:49,999 - INFO - Unit2 moved to (6, 9)
2024-11-25 16:18:50,462 - DEBUG - Unit Unit1 selected at position (2, 1)
2024-11-25 16:18:50,846 - DEBUG - Attempting to move Unit1 to position (4, 2)
2024-11-25 16:18:50,846 - INFO - Unit1 moved to (4, 2)
2024-11-25 16:18:50,846 - DEBUG - Unit2's turn
2024-11-25 16:18:50,846 - INFO - Unit2 moved to (4, 8)
2024-11-25 16:18:51,305 - DEBUG - Unit Unit1 selected at position (4, 2)
2024-11-25 16:18:51,869 - DEBUG - Attempting to move Unit1 to position (5, 4)
2024-11-25 16:18:51,870 - INFO - Unit1 moved to (5, 4)
2024-11-25 16:18:51,870 - DEBUG - Unit2's turn
2024-11-25 16:18:51,870 - INFO - Unit2 moved to (4, 5)
2024-11-25 16:18:52,267 - DEBUG - Unit Unit1 selected at position (5, 4)
2024-11-25 16:18:52,717 - DEBUG - Attempting to move Unit1 to position (4, 5)
2024-11-25 16:18:52,717 - INFO - Unit1 moved to (4, 5)
2024-11-25 16:18:52,717 - INFO - Unit1 encountered Unit2 at position (4, 5)
2024-11-25 16:18:52,717 - INFO - Starting combat between Unit1 (Health: 100) and Unit2 (Health: 100)
2024-11-25 16:18:52,717 - DEBUG - Unit1 attacks Unit2, Unit2 health: 90
2024-11-25 16:18:53,217 - DEBUG - Unit2 attacks Unit1, Unit1 health: 90
2024-11-25 16:18:53,718 - DEBUG - Unit1 attacks Unit2, Unit2 health: 80
2024-11-25 16:18:54,217 - DEBUG - Unit2 attacks Unit1, Unit1 health: 80
2024-11-25 16:18:54,717 - DEBUG - Unit1 attacks Unit2, Unit2 health: 70
2024-11-25 16:18:55,217 - DEBUG - Unit2 attacks Unit1, Unit1 health: 70
2024-11-25 16:18:55,717 - DEBUG - Unit1 attacks Unit2, Unit2 health: 60
2024-11-25 16:18:56,217 - DEBUG - Unit2 attacks Unit1, Unit1 health: 60
2024-11-25 16:18:56,717 - DEBUG - Unit1 attacks Unit2, Unit2 health: 50
2024-11-25 16:18:57,217 - DEBUG - Unit2 attacks Unit1, Unit1 health: 50
2024-11-25 16:18:57,718 - DEBUG - Unit1 attacks Unit2, Unit2 health: 40
2024-11-25 16:18:58,218 - DEBUG - Unit2 attacks Unit1, Unit1 health: 40
2024-11-25 16:18:58,718 - DEBUG - Unit1 attacks Unit2, Unit2 health: 30
2024-11-25 16:18:59,218 - DEBUG - Unit2 attacks Unit1, Unit1 health: 30
2024-11-25 16:18:59,718 - DEBUG - Unit1 attacks Unit2, Unit2 health: 20
2024-11-25 16:19:00,218 - DEBUG - Unit2 attacks Unit1, Unit1 health: 20
2024-11-25 16:19:00,718 - DEBUG - Unit1 attacks Unit2, Unit2 health: 10
2024-11-25 16:19:01,218 - DEBUG - Unit2 attacks Unit1, Unit1 health: 10
2024-11-25 16:19:01,718 - DEBUG - Unit1 attacks Unit2, Unit2 health: 0
2024-11-25 16:19:02,218 - INFO - Unit2 has been defeated by Unit1
2024-11-25 16:19:02,218 - INFO - Combat result: Unit1 won
